\BOOKMARK [1][-]{section.1}{\376\377\0001\000\040\133\236\145\160\116\016\145\160\122\027\147\201\226\120}{}% 1
\BOOKMARK [2][-]{subsection.1.1}{\376\377\0001\000.\0001\000\040\133\236\145\160\166\204\127\372\147\054\140\047\215\050\116\016\136\070\165\050\116\015\173\111\137\017}{section.1}% 2
\BOOKMARK [2][-]{subsection.1.2}{\376\377\0001\000.\0002\000\040\145\160\122\027\116\016\145\160\122\027\147\201\226\120\166\204\151\202\137\365}{section.1}% 3
\BOOKMARK [2][-]{subsection.1.3}{\376\377\0001\000.\0003\000\040\145\066\145\133\145\160\122\027\166\204\140\047\215\050}{section.1}% 4
\BOOKMARK [2][-]{subsection.1.4}{\376\377\0001\000.\0004\000\040\123\321\145\143\145\160\122\027\116\016\133\120\122\027\166\204\151\202\137\365}{section.1}% 5
\BOOKMARK [2][-]{subsection.1.5}{\376\377\0001\000.\0005\000\040\170\156\165\114\123\237\164\006}{section.1}% 6
\BOOKMARK [2][-]{subsection.1.6}{\376\377\0001\000.\0006\000\040\145\160\122\027\145\066\145\133\166\204\122\044\122\053\154\325}{section.1}% 7
\BOOKMARK [2][-]{subsection.1.7}{\376\377\0001\000.\0007\000\040\000S\000t\000o\000l\000z\121\154\137\017}{section.1}% 8
\BOOKMARK [1][-]{section.2}{\376\377\0002\000\040\121\375\145\160\116\016\121\375\145\160\147\201\226\120}{}% 9
\BOOKMARK [2][-]{subsection.2.1}{\376\377\0002\000.\0001\000\040\146\040\134\004\116\016\121\375\145\160\166\204\151\202\137\365}{section.2}% 10
\BOOKMARK [2][-]{subsection.2.2}{\376\377\0002\000.\0002\000\040\145\366\121\375\145\160\147\201\226\120\166\204\151\202\137\365}{section.2}% 11
\BOOKMARK [2][-]{subsection.2.3}{\376\377\0002\000.\0003\000\040\145\366\121\375\145\160\147\201\226\120\166\204\151\202\137\365}{section.2}% 12
\BOOKMARK [2][-]{subsection.2.4}{\376\377\0002\000.\0004\000\040\121\375\145\160\147\201\226\120\166\204\140\047\215\050}{section.2}% 13
\BOOKMARK [2][-]{subsection.2.5}{\376\377\0002\000.\0005\000\040\121\375\145\160\147\201\226\120\133\130\127\050\166\204\122\044\122\053\154\325}{section.2}% 14
\BOOKMARK [1][-]{section.3}{\376\377\0003\000\040\121\375\145\160\166\204\217\336\176\355\140\047}{}% 15
\BOOKMARK [2][-]{subsection.3.1}{\376\377\0003\000.\0001\000\040\217\336\176\355\121\375\145\160\166\204\151\202\137\365}{section.3}% 16
\BOOKMARK [2][-]{subsection.3.2}{\376\377\0003\000.\0002\000\040\121\375\145\160\225\364\145\255\166\204\151\202\137\365}{section.3}% 17
\BOOKMARK [2][-]{subsection.3.3}{\376\377\0003\000.\0003\000\040\217\336\176\355\121\375\145\160\166\204\134\100\220\350\140\047\215\050\116\016\122\035\173\111\121\375\145\160\166\204\217\336\176\355\140\047}{section.3}% 18
\BOOKMARK [2][-]{subsection.3.4}{\376\377\0003\000.\0004\000\040\217\336\176\355\121\375\145\160\166\204\127\372\147\054\140\047\215\050}{section.3}% 19
\BOOKMARK [1][-]{section.4}{\376\377\0004\000\040\137\256\122\006\116\016\133\374\145\160}{}% 20
\BOOKMARK [2][-]{subsection.4.1}{\376\377\0004\000.\0001\000\040\137\256\122\006\116\016\133\374\145\160\166\204\151\202\137\365}{section.4}% 21
\BOOKMARK [2][-]{subsection.4.2}{\376\377\0004\000.\0002\000\040\154\102\133\374\145\271\154\325\116\016\133\374\145\160\121\154\137\017}{section.4}% 22
\BOOKMARK [2][-]{subsection.4.3}{\376\377\0004\000.\0003\000\040\137\256\122\006\166\204\213\241\173\227\116\016\136\224\165\050}{section.4}% 23
\BOOKMARK [2][-]{subsection.4.4}{\376\377\0004\000.\0004\000\040\232\330\226\066\133\374\145\160\116\016\232\330\226\066\137\256\122\006}{section.4}% 24
\BOOKMARK [2][-]{subsection.4.5}{\376\377\0004\000.\0005\000\040\123\302\145\160\145\271\172\013\142\100\210\150\171\072\166\204\121\375\145\160\166\204\133\374\145\160}{section.4}% 25
\BOOKMARK [1][-]{section.5}{\376\377\0005\000\040\133\374\145\160\166\204\136\224\165\050}{}% 26
\BOOKMARK [2][-]{subsection.5.1}{\376\377\0005\000.\0001\000\040\000F\000e\000r\000m\000a\000t\133\232\164\006\124\214\000D\000a\000r\000b\000o\000u\000x\133\232\164\006}{section.5}% 27
\BOOKMARK [2][-]{subsection.5.2}{\376\377\0005\000.\0002\000\040\116\055\120\074\133\232\164\006}{section.5}% 28
\BOOKMARK [2][-]{subsection.5.3}{\376\377\0005\000.\0003\000\040\116\015\133\232\137\017\147\201\226\120}{section.5}% 29
\BOOKMARK [2][-]{subsection.5.4}{\376\377\0005\000.\0004\000\040\000T\000a\000y\000l\000o\000r\121\154\137\017}{section.5}% 30
\BOOKMARK [2][-]{subsection.5.5}{\376\377\0005\000.\0005\000\040\121\375\145\160\166\204\123\125\214\003\140\047\116\016\121\370\140\047}{section.5}% 31
\BOOKMARK [2][-]{subsection.5.6}{\376\377\0005\000.\0006\000\040\121\375\145\160\166\204\147\201\120\074\116\016\147\000\120\074}{section.5}% 32
\BOOKMARK [2][-]{subsection.5.7}{\376\377\0005\000.\0007\000\040\121\375\145\160\117\134\126\376}{section.5}% 33
\BOOKMARK [1][-]{section.6}{\376\377\0006\000\040\133\236\145\160\226\306\166\204\172\040\133\306\140\047\116\016\133\214\131\007\140\047}{}% 34
\BOOKMARK [2][-]{subsection.6.1}{\376\377\0006\000.\0001\000\040\133\236\145\160\226\306\166\204\172\040\133\306\140\047}{section.6}% 35
\BOOKMARK [2][-]{subsection.6.2}{\376\377\0006\000.\0002\000\040\133\236\145\160\226\306\166\204\133\214\131\007\140\047}{section.6}% 36
\BOOKMARK [2][-]{subsection.6.3}{\376\377\0006\000.\0003\000\040\116\012\147\201\226\120\124\214\116\013\147\201\226\120\173\200\116\313}{section.6}% 37
\BOOKMARK [1][-]{section.7}{\376\377\0007\000\040\116\015\133\232\171\357\122\006}{}% 38
\BOOKMARK [2][-]{subsection.7.1}{\376\377\0007\000.\0001\000\040\123\237\121\375\145\160\116\016\116\015\133\232\171\357\122\006\166\204\151\202\137\365}{section.7}% 39
\BOOKMARK [2][-]{subsection.7.2}{\376\377\0007\000.\0002\000\040\116\015\133\232\171\357\122\006\166\204\213\241\173\227}{section.7}% 40
\BOOKMARK [2][-]{subsection.7.3}{\376\377\0007\000.\0003\000\040\147\011\164\006\121\375\145\160\166\204\116\015\133\232\171\357\122\006}{section.7}% 41
\BOOKMARK [1][-]{section.8}{\376\377\0008\000\040\133\232\171\357\122\006}{}% 42
\BOOKMARK [2][-]{subsection.8.1}{\376\377\0008\000.\0001\000\040\133\232\171\357\122\006\166\204\151\202\137\365\116\016\140\047\215\050}{section.8}% 43
\BOOKMARK [2][-]{subsection.8.2}{\376\377\0008\000.\0002\000\040\137\256\171\357\122\006\127\372\147\054\133\232\164\006}{section.8}% 44
\BOOKMARK [2][-]{subsection.8.3}{\376\377\0008\000.\0003\000\040\133\232\171\357\122\006\166\204\213\241\173\227}{section.8}% 45
\BOOKMARK [2][-]{subsection.8.4}{\376\377\0008\000.\0004\000\040\133\232\171\357\122\006\133\130\127\050\166\204\147\141\116\366}{section.8}% 46
\BOOKMARK [2][-]{subsection.8.5}{\376\377\0008\000.\0005\000\040\171\357\122\006\116\055\120\074\133\232\164\006}{section.8}% 47
\BOOKMARK [2][-]{subsection.8.6}{\376\377\0008\000.\0006\000\040\121\163\116\216\133\232\171\357\122\006\166\204\116\000\116\233\210\145\121\105}{section.8}% 48
\BOOKMARK [1][-]{section.9}{\376\377\0009\000\040\133\232\171\357\122\006\166\204\136\224\165\050\116\016\123\315\136\070\171\357\122\006}{}% 49
\BOOKMARK [2][-]{subsection.9.1}{\376\377\0009\000.\0001\000\040\133\232\171\357\122\006\136\224\165\050\166\204\116\044\171\315\136\070\165\050\150\074\137\017}{section.9}% 50
\BOOKMARK [2][-]{subsection.9.2}{\376\377\0009\000.\0002\000\040\136\163\227\142\126\376\137\142\166\204\227\142\171\357}{section.9}% 51
\BOOKMARK [2][-]{subsection.9.3}{\376\377\0009\000.\0003\000\040\136\163\210\114\142\052\227\142\227\142\171\357\154\102\117\123\171\357}{section.9}% 52
\BOOKMARK [2][-]{subsection.9.4}{\376\377\0009\000.\0004\000\040\136\163\227\142\137\047\225\177\166\204\151\202\137\365}{section.9}% 53
\BOOKMARK [2][-]{subsection.9.5}{\376\377\0009\000.\0005\000\040\145\313\217\154\146\362\227\142\166\204\227\142\171\357}{section.9}% 54
\BOOKMARK [2][-]{subsection.9.6}{\376\377\0009\000.\0006\000\040\133\232\171\357\122\006\127\050\147\320\116\233\162\151\164\006\225\356\230\230\116\055\166\204\136\224\165\050}{section.9}% 55
\BOOKMARK [2][-]{subsection.9.7}{\376\377\0009\000.\0007\000\040\123\315\136\070\171\357\122\006\166\204\151\202\137\365\116\016\127\372\147\054\140\047\215\050}{section.9}% 56
\BOOKMARK [2][-]{subsection.9.8}{\376\377\0009\000.\0008\000\040\123\315\136\070\171\357\122\006\166\204\145\133\145\143\140\047}{section.9}% 57
\BOOKMARK [1][-]{section.10}{\376\377\0001\0000\000\040\145\160\230\171\176\247\145\160}{}% 58
\BOOKMARK [2][-]{subsection.10.1}{\376\377\0001\0000\000.\0001\000\040\145\160\230\171\176\247\145\160\166\204\151\202\137\365\116\016\140\047\215\050}{section.10}% 59
\BOOKMARK [2][-]{subsection.10.2}{\376\377\0001\0000\000.\0002\000\040\153\143\230\171\176\247\145\160}{section.10}% 60
\BOOKMARK [2][-]{subsection.10.3}{\376\377\0001\0000\000.\0003\000\040\116\000\202\054\230\171\176\247\145\160}{section.10}% 61
\BOOKMARK [2][-]{subsection.10.4}{\376\377\0001\0000\000.\0004\000\040\176\335\133\371\145\066\145\133\116\016\147\141\116\366\145\066\145\133\176\247\145\160\166\204\140\047\215\050}{section.10}% 62
\BOOKMARK [1][-]{section.11}{\376\377\0001\0001\000\040\121\375\145\160\230\171\176\247\145\160}{}% 63
\BOOKMARK [2][-]{subsection.11.1}{\376\377\0001\0001\000.\0001\000\040\121\375\145\160\122\027\116\000\201\364\145\066\145\133\166\204\151\202\137\365\116\016\122\044\133\232}{section.11}% 64
\BOOKMARK [2][-]{subsection.11.2}{\376\377\0001\0001\000.\0002\000\040\116\000\201\364\145\066\145\133\121\375\145\160\122\027\166\204\140\047\215\050}{section.11}% 65
\BOOKMARK [2][-]{subsection.11.3}{\376\377\0001\0001\000.\0003\000\040\121\375\145\160\230\171\176\247\145\160\116\000\201\364\145\066\145\133\166\204\151\202\137\365\123\312\122\044\133\232}{section.11}% 66
\BOOKMARK [2][-]{subsection.11.4}{\376\377\0001\0001\000.\0004\000\040\124\214\121\375\145\160\166\204\122\006\147\220\140\047\215\050}{section.11}% 67
\BOOKMARK [2][-]{subsection.11.5}{\376\377\0001\0001\000.\0005\000\040\131\004\131\004\116\015\123\357\137\256\166\204\217\336\176\355\121\375\145\160}{section.11}% 68
\BOOKMARK [1][-]{section.12}{\376\377\0001\0002\000\040\136\102\176\247\145\160\116\016\000F\000o\000u\000r\000i\000e\000r\176\247\145\160}{}% 69
\BOOKMARK [2][-]{subsection.12.1}{\376\377\0001\0002\000.\0001\000\040\136\102\176\247\145\160\166\204\145\066\145\133\127\337\116\016\124\214\121\375\145\160}{section.12}% 70
\BOOKMARK [2][-]{subsection.12.2}{\376\377\0001\0002\000.\0002\000\040\121\375\145\160\166\204\136\102\176\247\145\160\134\125\137\000}{section.12}% 71
\BOOKMARK [2][-]{subsection.12.3}{\376\377\0001\0002\000.\0003\000\040\116\011\211\322\176\247\145\160\116\016\000F\000o\000u\000r\000i\000e\000r\176\247\145\160}{section.12}% 72
\BOOKMARK [2][-]{subsection.12.4}{\376\377\0001\0002\000.\0004\000\040\000F\000o\000u\000r\000i\000e\000r\176\247\145\160\166\204\145\066\145\133\140\047}{section.12}% 73
\BOOKMARK [1][-]{section.13}{\376\377\0001\0003\000\040\131\032\121\103\121\375\145\160\123\312\121\166\137\256\122\006\133\146}{}% 74
\BOOKMARK [2][-]{subsection.13.1}{\376\377\0001\0003\000.\0001\000\040\136\163\227\142\116\055\166\204\160\271\226\306}{section.13}% 75
\BOOKMARK [2][-]{subsection.13.2}{\376\377\0001\0003\000.\0002\000\040\166\204\133\214\131\007\140\047}{section.13}% 76
\BOOKMARK [2][-]{subsection.13.3}{\376\377\0001\0003\000.\0003\000\040\116\214\121\103\121\375\145\160\166\204\147\201\226\120\124\214\217\336\176\355\140\047}{section.13}% 77
\BOOKMARK [2][-]{subsection.13.4}{\376\377\0001\0003\000.\0004\000\040\131\032\121\103\121\375\145\160\166\204\120\117\133\374\145\160\124\214\121\150\137\256\122\006}{section.13}% 78
\BOOKMARK [2][-]{subsection.13.5}{\376\377\0001\0003\000.\0005\000\040\131\015\124\010\121\375\145\160\166\204\137\256\122\006\154\325}{section.13}% 79
\BOOKMARK [1][-]{section.14}{\376\377\0001\0004\000\040\131\032\121\103\121\375\145\160\137\256\122\006\154\325\166\204\136\224\165\050}{}% 80
\BOOKMARK [2][-]{subsection.14.1}{\376\377\0001\0004\000.\0001\000\040\145\271\124\021\133\374\145\160}{section.14}% 81
\BOOKMARK [2][-]{subsection.14.2}{\376\377\0001\0004\000.\0002\000\040\131\032\121\103\121\375\145\160\000T\000a\000y\000l\000o\000r\121\154\137\017}{section.14}% 82
\BOOKMARK [2][-]{subsection.14.3}{\376\377\0001\0004\000.\0003\000\040\131\032\121\103\121\375\145\160\166\204\147\201\120\074}{section.14}% 83
\BOOKMARK [2][-]{subsection.14.4}{\376\377\0001\0004\000.\0004\000\040\226\220\121\375\145\160}{section.14}% 84
\BOOKMARK [2][-]{subsection.14.5}{\376\377\0001\0004\000.\0005\000\040\226\220\121\375\145\160\176\304}{section.14}% 85
\BOOKMARK [1][-]{section.15}{\376\377\0001\0005\000\040\124\053\123\302\123\330\221\317\171\357\122\006}{}% 86
\BOOKMARK [2][-]{subsection.15.1}{\376\377\0001\0005\000.\0001\000\040\124\053\123\302\123\330\221\317\153\143\136\070\171\357\122\006\123\312\121\166\122\006\147\220\140\047\215\050}{section.15}% 87
\BOOKMARK [2][-]{subsection.15.2}{\376\377\0001\0005\000.\0002\000\040\124\053\123\302\123\330\221\317\123\315\136\070\171\357\122\006\123\312\116\000\201\364\145\066\145\133\122\044\122\053\154\325}{section.15}% 88
\BOOKMARK [2][-]{subsection.15.3}{\376\377\0001\0005\000.\0003\000\040\124\053\123\302\123\330\221\317\123\315\136\070\171\357\122\006\166\204\122\006\147\220\140\047\215\050}{section.15}% 89
